<?xml version="1.0" encoding="UTF-8"?>
<!-- Generated by org.testng.reporters.JUnitReportReporter -->
<testsuite skipped="0" hostname="CTSD024" name="com.cogitate.pos.LoginTest" tests="1" failures="0" timestamp="18 Sep 2019 11:59:21 GMT" time="12.555" errors="0">
  <testcase name="loginTest" time="12.555" classname="com.cogitate.pos.LoginTest"/>
</testsuite> <!-- com.cogitate.pos.LoginTest -->
